{"total": {"lines":{"total":170,"covered":168,"skipped":0,"pct":98.82},"statements":{"total":170,"covered":168,"skipped":0,"pct":98.82},"functions":{"total":16,"covered":16,"skipped":0,"pct":100},"branches":{"total":70,"covered":61,"skipped":0,"pct":87.14},"branchesTrue":{"total":0,"covered":0,"skipped":0,"pct":100}}
,"C:\\source\\dio\\pokedex\\src\\App.vue": {"lines":{"total":4,"covered":4,"skipped":0,"pct":100},"functions":{"total":0,"covered":0,"skipped":0,"pct":100},"statements":{"total":4,"covered":4,"skipped":0,"pct":100},"branches":{"total":0,"covered":0,"skipped":0,"pct":100}}
,"C:\\source\\dio\\pokedex\\src\\main.ts": {"lines":{"total":4,"covered":4,"skipped":0,"pct":100},"functions":{"total":0,"covered":0,"skipped":0,"pct":100},"statements":{"total":4,"covered":4,"skipped":0,"pct":100},"branches":{"total":0,"covered":0,"skipped":0,"pct":100}}
,"C:\\source\\dio\\pokedex\\src\\components\\Card.vue": {"lines":{"total":35,"covered":35,"skipped":0,"pct":100},"functions":{"total":1,"covered":1,"skipped":0,"pct":100},"statements":{"total":35,"covered":35,"skipped":0,"pct":100},"branches":{"total":11,"covered":7,"skipped":0,"pct":63.63}}
,"C:\\source\\dio\\pokedex\\src\\components\\Footer.vue": {"lines":{"total":2,"covered":2,"skipped":0,"pct":100},"functions":{"total":0,"covered":0,"skipped":0,"pct":100},"statements":{"total":2,"covered":2,"skipped":0,"pct":100},"branches":{"total":0,"covered":0,"skipped":0,"pct":100}}
,"C:\\source\\dio\\pokedex\\src\\components\\Pokedex.vue": {"lines":{"total":78,"covered":76,"skipped":0,"pct":97.43},"functions":{"total":6,"covered":6,"skipped":0,"pct":100},"statements":{"total":78,"covered":76,"skipped":0,"pct":97.43},"branches":{"total":33,"covered":28,"skipped":0,"pct":84.84}}
,"C:\\source\\dio\\pokedex\\src\\lib\\api\\pokeapi.ts": {"lines":{"total":26,"covered":26,"skipped":0,"pct":100},"functions":{"total":6,"covered":6,"skipped":0,"pct":100},"statements":{"total":26,"covered":26,"skipped":0,"pct":100},"branches":{"total":18,"covered":18,"skipped":0,"pct":100}}
,"C:\\source\\dio\\pokedex\\src\\lib\\hooks\\usePokemonColor.ts": {"lines":{"total":21,"covered":21,"skipped":0,"pct":100},"functions":{"total":1,"covered":1,"skipped":0,"pct":100},"statements":{"total":21,"covered":21,"skipped":0,"pct":100},"branches":{"total":6,"covered":6,"skipped":0,"pct":100}}
,"C:\\source\\dio\\pokedex\\src\\lib\\models\\pokedex.ts": {"lines":{"total":0,"covered":0,"skipped":0,"pct":0},"functions":{"total":1,"covered":1,"skipped":0,"pct":0},"statements":{"total":0,"covered":0,"skipped":0,"pct":0},"branches":{"total":1,"covered":1,"skipped":0,"pct":0}}
,"C:\\source\\dio\\pokedex\\src\\lib\\models\\pokemon.ts": {"lines":{"total":0,"covered":0,"skipped":0,"pct":0},"functions":{"total":1,"covered":1,"skipped":0,"pct":0},"statements":{"total":0,"covered":0,"skipped":0,"pct":0},"branches":{"total":1,"covered":1,"skipped":0,"pct":0}}
}
